
  .   ____          _            __ _ _
 /\\ / ___'_ __ _ _(_)_ __  __ _ \ \ \ \
( ( )\___ | '_ | '_| | '_ \/ _` | \ \ \ \
 \\/  ___)| |_)| | | | | || (_| |  ) ) ) )
  '  |____| .__|_| |_|_| |_\__, | / / / /
 =========|_|==============|___/=/_/_/_/

 :: Spring Boot ::               (v3.5.11)

2026-05-11T16:40:46.336+07:00  INFO 13496 --- [playgroundapi] [           main] c.e.p.PlaygroundapiApplication           : Starting PlaygroundapiApplication using Java 21.0.8 with PID 13496 (D:\vy\playgroundapi\target\classes started by Admin in D:\vy\playgroundapi)
2026-05-11T16:40:46.361+07:00  INFO 13496 --- [playgroundapi] [           main] c.e.p.PlaygroundapiApplication           : No active profile set, falling back to 1 default profile: "default"
2026-05-11T16:41:03.036+07:00  INFO 13496 --- [playgroundapi] [           main] .s.d.r.c.RepositoryConfigurationDelegate : Bootstrapping Spring Data JPA repositories in DEFAULT mode.
2026-05-11T16:41:06.067+07:00  INFO 13496 --- [playgroundapi] [           main] .s.d.r.c.RepositoryConfigurationDelegate : Finished Spring Data repository scanning in 2839 ms. Found 15 JPA repository interfaces.
2026-05-11T16:41:23.947+07:00  INFO 13496 --- [playgroundapi] [           main] o.s.b.w.embedded.tomcat.TomcatWebServer  : Tomcat initialized with port 8081 (http)
2026-05-11T16:41:24.352+07:00  INFO 13496 --- [playgroundapi] [           main] o.apache.catalina.core.StandardService   : Starting service [Tomcat]
2026-05-11T16:41:24.354+07:00  INFO 13496 --- [playgroundapi] [           main] o.apache.catalina.core.StandardEngine    : Starting Servlet engine: [Apache Tomcat/10.1.52]
2026-05-11T16:41:25.976+07:00  INFO 13496 --- [playgroundapi] [           main] o.a.c.c.C.[Tomcat].[localhost].[/]       : Initializing Spring embedded WebApplicationContext
2026-05-11T16:41:25.992+07:00  INFO 13496 --- [playgroundapi] [           main] w.s.c.ServletWebServerApplicationContext : Root WebApplicationContext: initialization completed in 38346 ms
2026-05-11T16:41:33.235+07:00  INFO 13496 --- [playgroundapi] [           main] o.hibernate.jpa.internal.util.LogHelper  : HHH000204: Processing PersistenceUnitInfo [name: default]
2026-05-11T16:41:34.593+07:00  INFO 13496 --- [playgroundapi] [           main] org.hibernate.Version                    : HHH000412: Hibernate ORM core version 6.6.42.Final
2026-05-11T16:41:35.043+07:00  INFO 13496 --- [playgroundapi] [           main] o.h.c.internal.RegionFactoryInitiator    : HHH000026: Second-level cache disabled
2026-05-11T16:41:39.491+07:00  INFO 13496 --- [playgroundapi] [           main] o.s.o.j.p.SpringPersistenceUnitInfo      : No LoadTimeWeaver setup: ignoring JPA class transformer
2026-05-11T16:41:39.771+07:00  INFO 13496 --- [playgroundapi] [           main] com.zaxxer.hikari.HikariDataSource       : HikariPool-1 - Starting...
2026-05-11T16:41:45.411+07:00  INFO 13496 --- [playgroundapi] [           main] com.zaxxer.hikari.pool.HikariPool        : HikariPool-1 - Added connection ConnectionID:1 ClientConnectionId: 0826c4e9-4e68-42d2-878e-93758e4c9785
2026-05-11T16:41:45.464+07:00  INFO 13496 --- [playgroundapi] [           main] com.zaxxer.hikari.HikariDataSource       : HikariPool-1 - Start completed.
2026-05-11T16:41:46.986+07:00  INFO 13496 --- [playgroundapi] [           main] org.hibernate.orm.connections.pooling    : HHH10001005: Database info:
	Database JDBC URL [Connecting through datasource 'HikariDataSource (HikariPool-1)']
	Database driver: undefined/unknown
	Database version: 15.0
	Autocommit mode: undefined/unknown
	Isolation level: undefined/unknown
	Minimum pool size: undefined/unknown
	Maximum pool size: undefined/unknown
2026-05-11T16:42:03.809+07:00  INFO 13496 --- [playgroundapi] [           main] o.h.e.t.j.p.i.JtaPlatformInitiator       : HHH000489: No JTA platform available (set 'hibernate.transaction.jta.platform' to enable JTA platform integration)
2026-05-11T16:42:03.847+07:00  INFO 13496 --- [playgroundapi] [           main] j.LocalContainerEntityManagerFactoryBean : Initialized JPA EntityManagerFactory for persistence unit 'default'
2026-05-11T16:42:16.657+07:00  WARN 13496 --- [playgroundapi] [           main] JpaBaseConfiguration$JpaWebConfiguration : spring.jpa.open-in-view is enabled by default. Therefore, database queries may be performed during view rendering. Explicitly configure spring.jpa.open-in-view to disable this warning
2026-05-11T16:42:21.971+07:00  INFO 13496 --- [playgroundapi] [           main] eAuthenticationProviderManagerConfigurer : Global AuthenticationManager configured with AuthenticationProvider bean with name authenticationProvider
2026-05-11T16:42:21.971+07:00  WARN 13496 --- [playgroundapi] [           main] r$InitializeUserDetailsManagerConfigurer : Global AuthenticationManager configured with an AuthenticationProvider bean. UserDetailsService beans will not be used by Spring Security for automatically configuring username/password login. Consider removing the AuthenticationProvider bean. Alternatively, consider using the UserDetailsService in a manually instantiated DaoAuthenticationProvider. If the current configuration is intentional, to turn off this warning, increase the logging level of 'org.springframework.security.config.annotation.authentication.configuration.InitializeUserDetailsBeanManagerConfigurer' to ERROR
2026-05-11T16:42:30.325+07:00  WARN 13496 --- [playgroundapi] [           main] ConfigServletWebServerApplicationContext : Exception encountered during context initialization - cancelling refresh attempt: org.springframework.context.ApplicationContextException: Failed to start bean 'webServerStartStop'
2026-05-11T16:42:30.364+07:00  INFO 13496 --- [playgroundapi] [           main] j.LocalContainerEntityManagerFactoryBean : Closing JPA EntityManagerFactory for persistence unit 'default'
2026-05-11T16:42:30.383+07:00  INFO 13496 --- [playgroundapi] [           main] com.zaxxer.hikari.HikariDataSource       : HikariPool-1 - Shutdown initiated...
2026-05-11T16:42:30.401+07:00  INFO 13496 --- [playgroundapi] [           main] com.zaxxer.hikari.HikariDataSource       : HikariPool-1 - Shutdown completed.
2026-05-11T16:42:30.510+07:00  INFO 13496 --- [playgroundapi] [           main] .s.b.a.l.ConditionEvaluationReportLogger : 

Error starting ApplicationContext. To display the condition evaluation report re-run your application with 'debug' enabled.
2026-05-11T16:42:30.660+07:00 ERROR 13496 --- [playgroundapi] [           main] o.s.b.d.LoggingFailureAnalysisReporter   : 

***************************
APPLICATION FAILED TO START
***************************

Description:

Web server failed to start. Port 8081 was already in use.

Action:

Identify and stop the process that's listening on port 8081 or configure this application to listen on another port.

[ERROR] Failed to execute goal org.springframework.boot:spring-boot-maven-plugin:3.5.11:run (default-cli) on project playgroundapi: Process terminated with exit code: 1 -> [Help 1]
[ERROR] 
[ERROR] To see the full stack trace of the errors, re-run Maven with the -e switch.
[ERROR] Re-run Maven using the -X switch to enable full debug logging.
[ERROR] 
[ERROR] For more information about the errors and possible solutions, please read the following articles:
[ERROR] [Help 1] http://cwiki.apache.org/confluence/display/MAVEN/MojoExecutionException
